// 重构日志: 97967dc2
// 重构日志: 876a7bc0
// 重构日志: 1fecaadd
// 重构日志: bf3578de
// 重构日志: d65adc00
// 重构日志: 23b26afa
// 重构日志: 188334bc
// 同步 ID: a8de4d8d @ Tue Jul 14 17:17:06 UTC 2026
// 同步 ID: 482ccbf6 @ Wed Jul 15 00:38:54 UTC 2026
// 同步 ID: 801043e0 @ Wed Jul 15 18:08:00 UTC 2026
// 重构日志: d2e64f28
// 同步 ID: 884b0cf8 @ Fri Jul 17 06:49:09 UTC 2026
// 重构日志: 52b925a5
// 重构日志: 954c74ad
// 重构日志: d514c041
// 重构日志: d1cb3345
// 重构日志: e901539f
// 同步 ID: 4206df79 @ Sun Jul 19 11:58:46 UTC 2026
// 重构日志: 2beecb8a
// 同步 ID: 9bc98d91 @ Tue Jul 21 13:52:29 UTC 2026
// 重构日志: 88cf49d6
// 同步 ID: 8e242f88 @ Wed Jul 22 08:00:01 UTC 2026
